\BOOKMARK [0][-]{chineseabstract.0}{中文摘要}{}% 1
\BOOKMARK [0][-]{englishabstract.0}{英文摘要}{}% 2
\BOOKMARK [0][-]{toc.0}{目录}{}% 3
\BOOKMARK [0][-]{chapter.1}{第一章 绪 论}{}% 4
\BOOKMARK [1][-]{section.1.1}{1.1 研究工作的背景与意义}{chapter.1}% 5
\BOOKMARK [1][-]{section.1.2}{1.2 国内外研究现状}{chapter.1}% 6
\BOOKMARK [1][-]{section.1.3}{1.3 课题主要内容}{chapter.1}% 7
\BOOKMARK [1][-]{section.1.4}{1.4 本论文的结构安排}{chapter.1}% 8
\BOOKMARK [0][-]{chapter.2}{第二章 相关技术研究}{}% 9
\BOOKMARK [1][-]{section.2.1}{2.1 文本表示方法}{chapter.2}% 10
\BOOKMARK [2][-]{subsection.2.1.1}{2.1.1 基于词的文本表示方法}{section.2.1}% 11
\BOOKMARK [2][-]{subsection.2.1.2}{2.1.2 基于字的文本表示方法}{section.2.1}% 12
\BOOKMARK [1][-]{section.2.2}{2.2 词向量训练模型}{chapter.2}% 13
\BOOKMARK [2][-]{subsection.2.2.1}{2.2.1 神经网络语言模型}{section.2.2}% 14
\BOOKMARK [2][-]{subsection.2.2.2}{2.2.2\040word2vec}{section.2.2}% 15
\BOOKMARK [1][-]{section.2.3}{2.3 基于神经网络的短文本分类方法}{chapter.2}% 16
\BOOKMARK [2][-]{subsection.2.3.1}{2.3.1 卷积神经网络}{section.2.3}% 17
\BOOKMARK [2][-]{subsection.2.3.2}{2.3.2 循环神经网络}{section.2.3}% 18
\BOOKMARK [1][-]{section.2.4}{2.4\040Attention\040Model}{chapter.2}% 19
\BOOKMARK [1][-]{section.2.5}{2.5 本章小结}{chapter.2}% 20
\BOOKMARK [0][-]{chapter.3}{第三章 部首信息增强的中文文本表示方法}{}% 21
\BOOKMARK [1][-]{section.3.1}{3.1 汉字偏旁部首的语义信息}{chapter.3}% 22
\BOOKMARK [1][-]{section.3.2}{3.2 中文文本表示方法}{chapter.3}% 23
\BOOKMARK [1][-]{section.3.3}{3.3 部首信息增强的中文词向量构建方法}{chapter.3}% 24
\BOOKMARK [2][-]{subsection.3.3.1}{3.3.1 文本预处理}{section.3.3}% 25
\BOOKMARK [2][-]{subsection.3.3.2}{3.3.2 部首信息增强的中文词向量模型}{section.3.3}% 26
\BOOKMARK [1][-]{section.3.4}{3.4 部首信息增强的中文字向量构建方法}{chapter.3}% 27
\BOOKMARK [1][-]{section.3.5}{3.5 实验及其结果分析}{chapter.3}% 28
\BOOKMARK [2][-]{subsection.3.5.1}{3.5.1 部首信息增强的中文词向量模型实验对比}{section.3.5}% 29
\BOOKMARK [2][-]{subsection.3.5.2}{3.5.2 部首信息增强的中文字向量模型实验对比}{section.3.5}% 30
\BOOKMARK [1][-]{section.3.6}{3.6 本章小结}{chapter.3}% 31
\BOOKMARK [0][-]{chapter.4}{第四章 Attention-Based字词结合卷积循环中文短文本分类模型}{}% 32
\BOOKMARK [1][-]{section.4.1}{4.1 卷积循环神经特征提取网络}{chapter.4}% 33
\BOOKMARK [2][-]{subsection.4.1.1}{4.1.1 卷积循环神经网络整体结构}{section.4.1}% 34
\BOOKMARK [2][-]{subsection.4.1.2}{4.1.2 卷积网络层}{section.4.1}% 35
\BOOKMARK [2][-]{subsection.4.1.3}{4.1.3 循环网络层}{section.4.1}% 36
\BOOKMARK [1][-]{section.4.2}{4.2 Attention-Based字词结合卷积循环中文短文本分类网络}{chapter.4}% 37
\BOOKMARK [2][-]{subsection.4.2.1}{4.2.1 Attention-Based卷积循环特征提取网络}{section.4.2}% 38
\BOOKMARK [2][-]{subsection.4.2.2}{4.2.2 双通道字词结合短文本分类模型}{section.4.2}% 39
\BOOKMARK [1][-]{section.4.3}{4.3 实验设计和结果分析}{chapter.4}% 40
\BOOKMARK [2][-]{subsection.4.3.1}{4.3.1 实验语料数据}{section.4.3}% 41
\BOOKMARK [2][-]{subsection.4.3.2}{4.3.2 实验环境及相关工具}{section.4.3}% 42
\BOOKMARK [2][-]{subsection.4.3.3}{4.3.3 分类模型评价方法}{section.4.3}% 43
\BOOKMARK [2][-]{subsection.4.3.4}{4.3.4 对比实验设计}{section.4.3}% 44
\BOOKMARK [2][-]{subsection.4.3.5}{4.3.5 实验结果和分析}{section.4.3}% 45
\BOOKMARK [1][-]{section.4.4}{4.4 本章小结}{chapter.4}% 46
\BOOKMARK [0][-]{chapter.5}{第五章 短文本分类系统设计和实现}{}% 47
\BOOKMARK [1][-]{section.5.1}{5.1 系统总体概述}{chapter.5}% 48
\BOOKMARK [1][-]{section.5.2}{5.2 系统各模块的设计和实现}{chapter.5}% 49
\BOOKMARK [2][-]{subsection.5.2.1}{5.2.1 网络爬虫}{section.5.2}% 50
\BOOKMARK [2][-]{subsection.5.2.2}{5.2.2 队列管理}{section.5.2}% 51
\BOOKMARK [2][-]{subsection.5.2.3}{5.2.3 语料数据存储}{section.5.2}% 52
\BOOKMARK [2][-]{subsection.5.2.4}{5.2.4 字/词向量训练}{section.5.2}% 53
\BOOKMARK [2][-]{subsection.5.2.5}{5.2.5 模型训练}{section.5.2}% 54
\BOOKMARK [2][-]{subsection.5.2.6}{5.2.6 分类服务}{section.5.2}% 55
\BOOKMARK [2][-]{subsection.5.2.7}{5.2.7 日志记录}{section.5.2}% 56
\BOOKMARK [1][-]{section.5.3}{5.3 系统测试与分析}{chapter.5}% 57
\BOOKMARK [2][-]{subsection.5.3.1}{5.3.1 新闻标题语料搜集}{section.5.3}% 58
\BOOKMARK [2][-]{subsection.5.3.2}{5.3.2 汉字信息库}{section.5.3}% 59
\BOOKMARK [2][-]{subsection.5.3.3}{5.3.3 分类测试结果}{section.5.3}% 60
\BOOKMARK [1][-]{section.5.4}{5.4 本章小节}{chapter.5}% 61
\BOOKMARK [0][-]{chapter.6}{第六章 全文总结和展望}{}% 62
\BOOKMARK [1][-]{section.6.1}{6.1 全文总结}{chapter.6}% 63
\BOOKMARK [1][-]{section.6.2}{6.2 后续工作展望}{chapter.6}% 64
\BOOKMARK [0][-]{chapter*.54}{致 谢}{}% 65
\BOOKMARK [0][-]{chapter*.55}{参考文献}{}% 66
\BOOKMARK [0][-]{chapter*.56}{攻读硕士学位期间取得的成果}{}% 67
